<?xml version="1.0" encoding="UTF-8"?>
<!-- Generated by org.testng.reporters.JUnitReportReporter -->
<testsuite hostname="SCI-DT-58" name="Transections.GmailTest" tests="1" failures="0" timestamp="8 Nov 2012 22:46:47 GMT" time="3.679" errors="0">
  <testcase name="GoogleLogin" time="3.679" classname="Transections.GmailTest"/>
</testsuite>
